<?xml version="1.0" encoding="UTF-8"?>
<!-- Generated by org.testng.reporters.JUnitReportReporter -->
<testsuite name="core.XSDValidationTest" tests="1" time="0.037" ignored="0" failures="0" timestamp="25 Feb 2017 23:35:13 GMT" skipped="0" hostname="DmitryFRAMEWORK" errors="0">
  <testcase name="test" time="0.037" classname="core.XSDValidationTest"/>
</testsuite> <!-- core.XSDValidationTest -->
